;Generated list file
000  0 f      T_mvi 0xf
002  1 f f f  T_sta 0xfff
006  9 0 4 8  T_jmp 0x048
00a  9 0 3 8  T_jmp 0x038
00e  0 3      T_mvi 0x3
010  1 c 0 1  T_sta 0xc01
014  2 0 6 a  T_lda 0x06a
018  1 c 0 2  T_sta 0xc02
01c  2 0 6 a  T_lda 0x06a
020  1 c 0 2  T_sta 0xc02
024  2 c 0 3  T_lda 0xc03
028  1 c 0 2  T_sta 0xc02
02c  2 c 0 4  T_lda 0xc04
030  1 c 0 2  T_sta 0xc02
034  9 0 0 a  T_jmp 0x00a
038  0 0      T_mvi 0x0
03a  1 c 0 1  T_sta 0xc01
03e  0 c      T_mvi 0xc
040  1 c 0 2  T_sta 0xc02
044  9 0 0 e  T_jmp 0x00e
048  3 f f f  T_ad0 0xfff
04c  1 f f d  T_sta 0xffd
050  0 f      T_mvi 0xf
052  3 f f f  T_ad0 0xfff
056  d 0 5 2  T_jnz 0x052
05a  2 f f d  T_lda 0xffd
05e  d 0 4 8  T_jnz 0x048
062  9 0 0 a  T_jmp 0x00a
066  9 0 6 6  T_jmp 0x066
06a  1 2 3 4  T_sta 0x234
06e  5 6 7 8  T_adc 0x678
072  9 0 0 0  T_jmp 0x000
end
